<?xml version="1.0" encoding="UTF-8"?>
<!-- Generated by org.testng.reporters.JUnitXMLReporter -->
<testsuite hostname="LAPTOP-0GOEB7AF" ignored="0" name="Command line test" tests="3" failures="0" timestamp="25 Feb 2021 22:12:27 GMT" time="31.654" errors="0">
  <testcase name="Test1" time="4.607" classname="com.AutomationTasks.demoProject1.TestCase1"/>
  <testcase name="Test12" time="2.809" classname="com.AutomationTasks.demoProject1.TestCase1"/>
  <testcase name="Test3" time="2.316" classname="com.AutomationTasks.demoProject1.TestCase1"/>
</testsuite> <!-- Command line test -->
