<?xml version="1.0" encoding="UTF-8"?>
<!-- Generated by org.testng.reporters.JUnitXMLReporter -->
<testsuite hostname="LAPTOP-0GOEB7AF" ignored="0" name="Test" tests="3" failures="0" timestamp="25 Feb 2021 22:03:06 GMT" time="30.355" errors="0">
  <testcase name="Test1" time="3.42" classname="com.AutomationTasks.demoProject1.TestCase1"/>
  <testcase name="Test12" time="3.703" classname="com.AutomationTasks.demoProject1.TestCase1"/>
  <testcase name="Test3" time="2.254" classname="com.AutomationTasks.demoProject1.TestCase1"/>
</testsuite> <!-- Test -->
