<?xml version="1.0" encoding="UTF-8"?>
<testng-results skipped="0" failed="0" ignored="0" total="3" passed="3">
  <reporter-output>
  </reporter-output>
  <suite name="com.AutomationTasks.demoProject1.TestCase1" duration-ms="31654" started-at="2021-02-25T22:11:55Z" finished-at="2021-02-25T22:12:27Z">
    <groups>
    </groups>
    <test name="Command line test" duration-ms="31654" started-at="2021-02-25T22:11:55Z" finished-at="2021-02-25T22:12:27Z">
      <class name="com.AutomationTasks.demoProject1.TestCase1">
        <test-method status="PASS" signature="launchDriver()[pri:0, instance:com.AutomationTasks.demoProject1.TestCase1@4cb2c100]" name="launchDriver" is-config="true" duration-ms="9399" started-at="2021-02-25T22:11:55Z" finished-at="2021-02-25T22:12:05Z">
          <reporter-output>
          </reporter-output>
        </test-method> <!-- launchDriver -->
        <test-method status="PASS" signature="Test1()[pri:0, instance:com.AutomationTasks.demoProject1.TestCase1@4cb2c100]" name="Test1" duration-ms="4607" started-at="2021-02-25T22:12:05Z" finished-at="2021-02-25T22:12:09Z">
          <reporter-output>
          </reporter-output>
        </test-method> <!-- Test1 -->
        <test-method status="PASS" signature="quit()[pri:0, instance:com.AutomationTasks.demoProject1.TestCase1@4cb2c100]" name="quit" is-config="true" duration-ms="593" started-at="2021-02-25T22:12:09Z" finished-at="2021-02-25T22:12:10Z">
          <reporter-output>
          </reporter-output>
        </test-method> <!-- quit -->
        <test-method status="PASS" signature="launchDriver()[pri:0, instance:com.AutomationTasks.demoProject1.TestCase1@4cb2c100]" name="launchDriver" is-config="true" duration-ms="4195" started-at="2021-02-25T22:12:10Z" finished-at="2021-02-25T22:12:14Z">
          <reporter-output>
          </reporter-output>
        </test-method> <!-- launchDriver -->
        <test-method status="PASS" signature="Test12()[pri:0, instance:com.AutomationTasks.demoProject1.TestCase1@4cb2c100]" name="Test12" duration-ms="2809" started-at="2021-02-25T22:12:14Z" finished-at="2021-02-25T22:12:17Z">
          <reporter-output>
          </reporter-output>
        </test-method> <!-- Test12 -->
        <test-method status="PASS" signature="quit()[pri:0, instance:com.AutomationTasks.demoProject1.TestCase1@4cb2c100]" name="quit" is-config="true" duration-ms="755" started-at="2021-02-25T22:12:17Z" finished-at="2021-02-25T22:12:18Z">
          <reporter-output>
          </reporter-output>
        </test-method> <!-- quit -->
        <test-method status="PASS" signature="launchDriver()[pri:0, instance:com.AutomationTasks.demoProject1.TestCase1@4cb2c100]" name="launchDriver" is-config="true" duration-ms="6296" started-at="2021-02-25T22:12:18Z" finished-at="2021-02-25T22:12:24Z">
          <reporter-output>
          </reporter-output>
        </test-method> <!-- launchDriver -->
        <test-method status="PASS" signature="Test3()[pri:0, instance:com.AutomationTasks.demoProject1.TestCase1@4cb2c100]" name="Test3" duration-ms="2316" started-at="2021-02-25T22:12:24Z" finished-at="2021-02-25T22:12:26Z">
          <reporter-output>
          </reporter-output>
        </test-method> <!-- Test3 -->
        <test-method status="PASS" signature="quit()[pri:0, instance:com.AutomationTasks.demoProject1.TestCase1@4cb2c100]" name="quit" is-config="true" duration-ms="655" started-at="2021-02-25T22:12:26Z" finished-at="2021-02-25T22:12:27Z">
          <reporter-output>
          </reporter-output>
        </test-method> <!-- quit -->
      </class> <!-- com.AutomationTasks.demoProject1.TestCase1 -->
    </test> <!-- Command line test -->
  </suite> <!-- com.AutomationTasks.demoProject1.TestCase1 -->
</testng-results>
