<?xml version="1.0" encoding="UTF-8"?>
<testng-results skipped="0" failed="0" ignored="0" total="3" passed="3">
  <reporter-output>
  </reporter-output>
  <suite name="Suite" duration-ms="30355" started-at="2021-02-25T22:02:35Z" finished-at="2021-02-25T22:03:06Z">
    <groups>
    </groups>
    <test name="Test" duration-ms="30355" started-at="2021-02-25T22:02:35Z" finished-at="2021-02-25T22:03:06Z">
      <class name="com.AutomationTasks.demoProject1.TestCase1">
        <test-method status="PASS" signature="launchDriver()[pri:0, instance:com.AutomationTasks.demoProject1.TestCase1@e25b2fe]" name="launchDriver" is-config="true" duration-ms="4934" started-at="2021-02-25T22:02:35Z" finished-at="2021-02-25T22:02:40Z">
          <reporter-output>
          </reporter-output>
        </test-method> <!-- launchDriver -->
        <test-method status="PASS" signature="Test1()[pri:0, instance:com.AutomationTasks.demoProject1.TestCase1@e25b2fe]" name="Test1" duration-ms="3420" started-at="2021-02-25T22:02:40Z" finished-at="2021-02-25T22:02:44Z">
          <reporter-output>
          </reporter-output>
        </test-method> <!-- Test1 -->
        <test-method status="PASS" signature="quit()[pri:0, instance:com.AutomationTasks.demoProject1.TestCase1@e25b2fe]" name="quit" is-config="true" duration-ms="2088" started-at="2021-02-25T22:02:44Z" finished-at="2021-02-25T22:02:46Z">
          <reporter-output>
          </reporter-output>
        </test-method> <!-- quit -->
        <test-method status="PASS" signature="launchDriver()[pri:0, instance:com.AutomationTasks.demoProject1.TestCase1@e25b2fe]" name="launchDriver" is-config="true" duration-ms="5304" started-at="2021-02-25T22:02:46Z" finished-at="2021-02-25T22:02:51Z">
          <reporter-output>
          </reporter-output>
        </test-method> <!-- launchDriver -->
        <test-method status="PASS" signature="Test12()[pri:0, instance:com.AutomationTasks.demoProject1.TestCase1@e25b2fe]" name="Test12" duration-ms="3703" started-at="2021-02-25T22:02:51Z" finished-at="2021-02-25T22:02:55Z">
          <reporter-output>
          </reporter-output>
        </test-method> <!-- Test12 -->
        <test-method status="PASS" signature="quit()[pri:0, instance:com.AutomationTasks.demoProject1.TestCase1@e25b2fe]" name="quit" is-config="true" duration-ms="1666" started-at="2021-02-25T22:02:55Z" finished-at="2021-02-25T22:02:57Z">
          <reporter-output>
          </reporter-output>
        </test-method> <!-- quit -->
        <test-method status="PASS" signature="launchDriver()[pri:0, instance:com.AutomationTasks.demoProject1.TestCase1@e25b2fe]" name="launchDriver" is-config="true" duration-ms="6302" started-at="2021-02-25T22:02:57Z" finished-at="2021-02-25T22:03:03Z">
          <reporter-output>
          </reporter-output>
        </test-method> <!-- launchDriver -->
        <test-method status="PASS" signature="Test3()[pri:0, instance:com.AutomationTasks.demoProject1.TestCase1@e25b2fe]" name="Test3" duration-ms="2254" started-at="2021-02-25T22:03:03Z" finished-at="2021-02-25T22:03:05Z">
          <reporter-output>
          </reporter-output>
        </test-method> <!-- Test3 -->
        <test-method status="PASS" signature="quit()[pri:0, instance:com.AutomationTasks.demoProject1.TestCase1@e25b2fe]" name="quit" is-config="true" duration-ms="659" started-at="2021-02-25T22:03:05Z" finished-at="2021-02-25T22:03:06Z">
          <reporter-output>
          </reporter-output>
        </test-method> <!-- quit -->
      </class> <!-- com.AutomationTasks.demoProject1.TestCase1 -->
    </test> <!-- Test -->
  </suite> <!-- Suite -->
</testng-results>
